<?xml version="1.0" encoding="UTF-8"?>
<!-- Generated by org.testng.reporters.JUnitReportReporter -->
<testsuite hostname="9542c961512a5ef" failures="3" tests="4" name="testrunner" time="34.589" errors="0" timestamp="2025-11-23T11:30:23 IST" skipped="0">
  <testcase classname="testrunner" name="runScenario" time="8.432">
    <failure message="expected [true] but found [false]" type="java.lang.AssertionError">
      <![CDATA[java.lang.AssertionError: expected [true] but found [false]
at org.testng.Assert.fail(Assert.java:97)
at org.testng.Assert.failNotEquals(Assert.java:969)
at org.testng.Assert.assertTrue(Assert.java:43)
at org.testng.Assert.assertTrue(Assert.java:53)
at stepdefinition.tc2_searchValidProducts.he_should_be_able_to_view_the_product(tc2_searchValidProducts.java:30)
at ✽.he should be able to view the product "Perl and CGI for the World Wide Web"(file:///C:/Selenium%20demo/Capstone_project_maven/features/searchProduct.feature:9)
]]>
    </failure>
  </testcase> <!-- runScenario -->
  <system-out/>
  <testcase classname="testrunner" name="runScenario" time="8.841">
    <failure message="expected [true] but found [false]" type="java.lang.AssertionError">
      <![CDATA[java.lang.AssertionError: expected [true] but found [false]
at org.testng.Assert.fail(Assert.java:97)
at org.testng.Assert.failNotEquals(Assert.java:969)
at org.testng.Assert.assertTrue(Assert.java:43)
at org.testng.Assert.assertTrue(Assert.java:53)
at stepdefinition.tc2_searchValidProducts.he_should_be_able_to_view_the_product(tc2_searchValidProducts.java:30)
at ✽.he should be able to view the product "Oracle8i Web Development"(file:///C:/Selenium%20demo/Capstone_project_maven/features/searchProduct.feature:9)
]]>
    </failure>
  </testcase> <!-- runScenario -->
  <system-out/>
  <testcase classname="testrunner" name="runScenario" time="7.429"/>
  <system-out/>
  <testcase classname="testrunner" name="runScenario" time="9.887">
    <failure message="expected [true] but found [false]" type="java.lang.AssertionError">
      <![CDATA[java.lang.AssertionError: expected [true] but found [false]
at org.testng.Assert.fail(Assert.java:97)
at org.testng.Assert.failNotEquals(Assert.java:969)
at org.testng.Assert.assertTrue(Assert.java:43)
at org.testng.Assert.assertTrue(Assert.java:53)
at stepdefinition.tc2_searchValidProducts.he_should_be_able_to_view_the_product(tc2_searchValidProducts.java:30)
at ✽.he should be able to view the product "Web Design in a Nutshell"(file:///C:/Selenium%20demo/Capstone_project_maven/features/searchProduct.feature:9)
]]>
    </failure>
  </testcase> <!-- runScenario -->
  <system-out/>
</testsuite> <!-- testrunner -->
